<?xml version="1.0" encoding="UTF-8"?>
<!-- Generated by org.testng.reporters.JUnitReportReporter -->
<testsuite skipped="0" hostname="harsha007" name="dropdown.FacebookDropdown3" tests="1" failures="0" timestamp="13 Oct 2017 22:02:40 GMT" time="8.119" errors="0">
  <testcase name="DDValues" time="8.119" classname="dropdown.FacebookDropdown3"/>
</testsuite> <!-- dropdown.FacebookDropdown3 -->
