<?xml version="1.0" encoding="UTF-8"?>
<!-- Generated by org.testng.reporters.JUnitReportReporter -->
<testsuite skipped="0" hostname="harsha007" name="dropdown.FacebookDropdown" tests="1" failures="0" timestamp="13 Oct 2017 20:57:47 GMT" time="20.186" errors="0">
  <testcase name="DDValues" time="20.186" classname="dropdown.FacebookDropdown"/>
</testsuite> <!-- dropdown.FacebookDropdown -->
