<?xml version="1.0" encoding="UTF-8"?>
<!-- Generated by org.testng.reporters.JUnitReportReporter -->
<testsuite skipped="0" hostname="harsha007" name="dropdown.FacebookDropdown2" tests="1" failures="0" timestamp="04 Dec 2017 04:48:05 GMT" time="8.270" errors="0">
  <testcase name="DDValues" time="8.270" classname="dropdown.FacebookDropdown2"/>
</testsuite> <!-- dropdown.FacebookDropdown2 -->
